Test (2C): basic persistence ...
1-------------------------
2-------------------------
3-------------------------
  ... Passed --   5.4  3   98    6
Test (2C): more persistence ...
  ... Passed --  18.5  5 2208   16
Test (2C): partitioned leader and one follower crash, leader restarts ...
  ... Passed --   2.5  3   42    4
Test (2C): Figure 8 ...
  ... Passed --  28.6  5  671   14
Test (2C): unreliable agreement ...
  ... Passed --  10.4  5 1448  246
Test (2C): Figure 8 (unreliable) ...
--- FAIL: TestFigure8Unreliable2C (44.30s)
	config.go:471: one(7524) failed to reach agreement
Test (2C): churn ...
--- FAIL: TestReliableChurn2C (26.46s)
	config.go:471: one(4905018929719186510) failed to reach agreement
Test (2C): unreliable churn ...
  ... Passed --  20.2  5 2140   95
FAIL
exit status 1
FAIL	raft	156.413s
=======================
Test (2C): basic persistence ...
1-------------------------
2-------------------------
3-------------------------
  ... Passed --   5.1  3  102    6
Test (2C): more persistence ...
  ... Passed --  18.4  5 2288   16
Test (2C): partitioned leader and one follower crash, leader restarts ...
  ... Passed --   2.4  3   42    4
Test (2C): Figure 8 ...
  ... Passed --  33.3  5  724   13
Test (2C): unreliable agreement ...
  ... Passed --  10.3  5 1403  246
Test (2C): Figure 8 (unreliable) ...
--- FAIL: TestFigure8Unreliable2C (44.93s)
	config.go:471: one(9474) failed to reach agreement
Test (2C): churn ...
--- FAIL: TestReliableChurn2C (26.47s)
	config.go:471: one(3860804179821481040) failed to reach agreement
Test (2C): unreliable churn ...
  ... Passed --  19.0  5 2289  248
FAIL
exit status 1
FAIL	raft	160.060s
=======================
Test (2C): basic persistence ...
1-------------------------
2-------------------------
3-------------------------
  ... Passed --   5.3  3  104    6
Test (2C): more persistence ...
  ... Passed --  17.9  5 2078   16
Test (2C): partitioned leader and one follower crash, leader restarts ...
  ... Passed --   2.6  3   42    4
Test (2C): Figure 8 ...
  ... Passed --  34.1  5  856   16
Test (2C): unreliable agreement ...
  ... Passed --  10.0  5 1375  246
Test (2C): Figure 8 (unreliable) ...
--- FAIL: TestFigure8Unreliable2C (38.34s)
	config.go:471: one(8413) failed to reach agreement
Test (2C): churn ...
--- FAIL: TestReliableChurn2C (26.43s)
	config.go:471: one(332225539979753877) failed to reach agreement
Test (2C): unreliable churn ...
  ... Passed --  22.1  5 2478  219
FAIL
exit status 1
FAIL	raft	156.813s
=======================
Test (2C): basic persistence ...
1-------------------------
2-------------------------
3-------------------------
  ... Passed --   5.2  3  101    6
Test (2C): more persistence ...
  ... Passed --  19.1  5 2314   16
Test (2C): partitioned leader and one follower crash, leader restarts ...
  ... Passed --   2.6  3   40    4
Test (2C): Figure 8 ...
  ... Passed --  36.5  5  864   14
Test (2C): unreliable agreement ...
  ... Passed --  10.6  5 1443  246
Test (2C): Figure 8 (unreliable) ...
--- FAIL: TestFigure8Unreliable2C (41.46s)
	config.go:471: one(6344) failed to reach agreement
Test (2C): churn ...
--- FAIL: TestReliableChurn2C (26.44s)
	config.go:471: one(579776130482384106) failed to reach agreement
Test (2C): unreliable churn ...
  ... Passed --  25.7  5 3685  269
FAIL
exit status 1
FAIL	raft	167.681s
=======================
Test (2C): basic persistence ...
1-------------------------
2-------------------------
3-------------------------
  ... Passed --   5.3  3  100    6
Test (2C): more persistence ...
  ... Passed --  18.6  5 2176   16
Test (2C): partitioned leader and one follower crash, leader restarts ...
  ... Passed --   2.5  3   42    4
Test (2C): Figure 8 ...
  ... Passed --  33.1  5  776   18
Test (2C): unreliable agreement ...
  ... Passed --  10.0  5 1379  246
Test (2C): Figure 8 (unreliable) ...
signal: interrupt
FAIL	raft	85.294s
